<?xml version="1.0" encoding="UTF-8"?>
<!-- Generated by org.testng.reporters.JUnitReportReporter -->
<testsuite hostname="rupesh-laptop" failures="0" tests="1" name="testCases.TC01_AccountRegistration" time="3.097" errors="0" timestamp="2024-09-10T18:48:42 IST" skipped="0">
  <testcase classname="testCases.TC01_AccountRegistration" name="VerifyAccountRegistration" time="3.097"/>
</testsuite> <!-- testCases.TC01_AccountRegistration -->
