<?xml version="1.0" encoding="UTF-8"?>
<!-- Generated by org.testng.reporters.JUnitReportReporter -->
<testsuite hostname="rupesh-laptop" failures="0" tests="1" name="testCases.TC_AccountRegistration" time="2.661" errors="0" timestamp="2024-09-05T17:52:32 IST" skipped="0">
  <testcase classname="testCases.TC_AccountRegistration" name="VerifyAccountRegistration" time="2.661"/>
</testsuite> <!-- testCases.TC_AccountRegistration -->
