<?xml version="1.0" encoding="UTF-8"?>
<!-- Generated by org.testng.reporters.JUnitReportReporter -->
<testsuite hostname="rupesh-laptop" failures="0" tests="1" name="testCases.TC01_AccountRegistration" time="2.502" errors="0" timestamp="2024-09-30T19:32:56 IST" skipped="0">
  <testcase classname="testCases.TC01_AccountRegistration" name="VerifyAccountRegistration" time="2.502"/>
</testsuite> <!-- testCases.TC01_AccountRegistration -->
