<?xml version="1.0" encoding="UTF-8"?>
<!-- Generated by org.testng.reporters.JUnitReportReporter -->
<testsuite hostname="rupesh-laptop" failures="0" tests="1" name="testCases.TC02_loginTest" time="3.265" errors="0" timestamp="2024-09-10T19:45:09 IST" skipped="0">
  <testcase classname="testCases.TC02_loginTest" name="testLogin" time="3.265"/>
</testsuite> <!-- testCases.TC02_loginTest -->
